<?xml version="1.0" encoding="utf-8" standalone="yes"?><Layout layout="test" modulePackage="com.cookandroid.itshow_tob" filePath="app\src\main\res\layout\test.xml" directory="layout" isMerge="false" isBindingData="false" rootNodeType="android.widget.LinearLayout"><Targets><Target tag="layout/test_0" view="LinearLayout"><Expressions/><location startLine="1" startOffset="0" endLine="8" endOffset="14"/></Target></Targets></Layout>